::1 - - [20/Jun/2022:02:36:20 +0000] "POST /api/auth/register HTTP/1.1" 200 21 "-" "PostmanRuntime/7.29.0"
::1 - - [20/Jun/2022:02:45:55 +0000] "POST /api/auth/login HTTP/1.1" 400 28 "-" "PostmanRuntime/7.29.0"
::1 - - [20/Jun/2022:02:50:54 +0000] "POST /api/auth/create HTTP/1.1" 404 992 "-" "PostmanRuntime/7.29.0"
::1 - - [20/Jun/2022:03:18:56 +0000] "POST /api/auth/create HTTP/1.1" 404 992 "-" "PostmanRuntime/7.29.0"
::1 - - [20/Jun/2022:03:20:10 +0000] "POST /api/auth/register HTTP/1.1" - - "-" "PostmanRuntime/7.29.0"
::1 - - [20/Jun/2022:03:20:51 +0000] "POST /api/auth/register HTTP/1.1" 500 35 "-" "PostmanRuntime/7.29.0"
::1 - - [20/Jun/2022:05:00:26 +0000] "POST /api/auth/register HTTP/1.1" 409 37 "-" "PostmanRuntime/7.29.0"
::1 - - [20/Jun/2022:05:00:34 +0000] "POST /api/auth/register HTTP/1.1" 200 21 "-" "PostmanRuntime/7.29.0"
::1 - - [20/Jun/2022:05:03:15 +0000] "POST /api/auth/login HTTP/1.1" 200 215 "-" "PostmanRuntime/7.29.0"
::1 - - [20/Jun/2022:05:05:12 +0000] "POST /api/users/me HTTP/1.1" 404 992 "-" "PostmanRuntime/7.29.0"
::1 - - [20/Jun/2022:05:05:32 +0000] "GET /api/users/me HTTP/1.1" 401 26 "-" "PostmanRuntime/7.29.0"
::1 - - [20/Jun/2022:05:07:17 +0000] "GET /api/users/me HTTP/1.1" 401 26 "-" "PostmanRuntime/7.29.0"
::1 - - [20/Jun/2022:05:07:49 +0000] "GET /api/users/me HTTP/1.1" 401 26 "-" "PostmanRuntime/7.29.0"
::1 - - [20/Jun/2022:05:07:57 +0000] "GET /api/users/me HTTP/1.1" 401 26 "-" "PostmanRuntime/7.29.0"
::1 - - [20/Jun/2022:05:26:15 +0000] "GET /api/users/me HTTP/1.1" 401 26 "-" "PostmanRuntime/7.29.0"
::1 - - [20/Jun/2022:05:27:09 +0000] "GET /api/users/register HTTP/1.1" 404 992 "-" "PostmanRuntime/7.29.0"
::1 - - [20/Jun/2022:05:27:17 +0000] "POST /api/users/register HTTP/1.1" 404 992 "-" "PostmanRuntime/7.29.0"
::1 - - [20/Jun/2022:05:27:52 +0000] "POST /api/auth/register HTTP/1.1" 200 21 "-" "PostmanRuntime/7.29.0"
::1 - - [20/Jun/2022:05:28:08 +0000] "POST /api/auth/login HTTP/1.1" 200 215 "-" "PostmanRuntime/7.29.0"
::1 - - [20/Jun/2022:05:29:14 +0000] "GET /api/users/me HTTP/1.1" 401 26 "-" "PostmanRuntime/7.29.0"
::1 - - [20/Jun/2022:05:29:18 +0000] "GET /api/users/me HTTP/1.1" 401 26 "-" "PostmanRuntime/7.29.0"
::1 - - [20/Jun/2022:05:29:39 +0000] "GET /api/users/me HTTP/1.1" 401 26 "-" "PostmanRuntime/7.29.0"
::1 - - [20/Jun/2022:05:30:55 +0000] "GET /api/users/me HTTP/1.1" 401 26 "-" "PostmanRuntime/7.29.0"
::1 - - [20/Jun/2022:05:31:25 +0000] "GET /api/users/me HTTP/1.1" 401 26 "-" "PostmanRuntime/7.29.0"
::1 - - [20/Jun/2022:05:31:52 +0000] "GET /api/users/me HTTP/1.1" 401 26 "-" "PostmanRuntime/7.29.0"
::1 - - [20/Jun/2022:05:32:09 +0000] "GET /api/users/me HTTP/1.1" 401 26 "-" "PostmanRuntime/7.29.0"
::1 - - [20/Jun/2022:05:33:21 +0000] "GET /api/users/me HTTP/1.1" 401 26 "-" "PostmanRuntime/7.29.0"
::1 - - [20/Jun/2022:05:58:05 +0000] "GET /api/users/me HTTP/1.1" 500 1141 "-" "PostmanRuntime/7.29.0"
::1 - - [20/Jun/2022:05:58:41 +0000] "GET /api/users/me HTTP/1.1" 500 1132 "-" "PostmanRuntime/7.29.0"
::1 - - [20/Jun/2022:05:59:08 +0000] "GET /api/users/me HTTP/1.1" 500 1066 "-" "PostmanRuntime/7.29.0"
::1 - - [20/Jun/2022:05:59:34 +0000] "GET /api/users/me HTTP/1.1" 200 134 "-" "PostmanRuntime/7.29.0"
::1 - - [20/Jun/2022:06:04:32 +0000] "GET /api/notes HTTP/1.1" 200 22 "-" "PostmanRuntime/7.29.0"
::1 - - [20/Jun/2022:06:05:35 +0000] "GET /api/notes?limit=5 HTTP/1.1" 200 22 "-" "PostmanRuntime/7.29.0"
::1 - - [20/Jun/2022:06:06:44 +0000] "GET /api/notes?limit=5 HTTP/1.1" 200 34 "-" "PostmanRuntime/7.29.0"
::1 - - [20/Jun/2022:06:07:00 +0000] "GET /api/notes?limit=5&offset=0 HTTP/1.1" 200 47 "-" "PostmanRuntime/7.29.0"
::1 - - [20/Jun/2022:06:08:14 +0000] "GET /api/notes?limit=5&offset=0 HTTP/1.1" 200 43 "-" "PostmanRuntime/7.29.0"
::1 - - [20/Jun/2022:06:08:25 +0000] "GET /api/notes HTTP/1.1" 200 46 "-" "PostmanRuntime/7.29.0"
::1 - - [20/Jun/2022:08:40:29 +0000] "POST /api/notes HTTP/1.1" 400 26 "-" "PostmanRuntime/7.29.0"
::1 - - [20/Jun/2022:08:41:03 +0000] "POST /api/notes HTTP/1.1" 400 26 "-" "PostmanRuntime/7.29.0"
::1 - - [20/Jun/2022:08:42:02 +0000] "POST /auth/login HTTP/1.1" 404 992 "-" "PostmanRuntime/7.29.0"
::1 - - [20/Jun/2022:08:42:23 +0000] "POST /api/auth/login HTTP/1.1" 200 215 "-" "PostmanRuntime/7.29.0"
::1 - - [20/Jun/2022:08:44:26 +0000] "POST /api/notes HTTP/1.1" 200 21 "-" "PostmanRuntime/7.29.0"
::1 - - [20/Jun/2022:08:44:40 +0000] "GET /api/notes HTTP/1.1" 200 230 "-" "PostmanRuntime/7.29.0"
::1 - - [20/Jun/2022:08:51:05 +0000] "GET /api/notes/62b0336ab6459d4b29ca79db HTTP/1.1" 200 187 "-" "PostmanRuntime/7.29.0"
::1 - - [20/Jun/2022:08:51:50 +0000] "PUT /api/notes/62b0336ab6459d4b29ca79db HTTP/1.1" 500 144 "-" "PostmanRuntime/7.29.0"
::1 - - [20/Jun/2022:08:52:13 +0000] "GET /api/notes/ HTTP/1.1" 200 230 "-" "PostmanRuntime/7.29.0"
::1 - - [20/Jun/2022:08:52:29 +0000] "GET /api/notes/62b0336ab6459d4b29ca79db HTTP/1.1" 200 187 "-" "PostmanRuntime/7.29.0"
::1 - - [20/Jun/2022:08:52:43 +0000] "PUT /api/notes/62b0336ab6459d4b29ca79db HTTP/1.1" 500 144 "-" "PostmanRuntime/7.29.0"
::1 - - [20/Jun/2022:09:43:55 +0000] "PUT /api/notes/62b0336ab6459d4b29ca79db HTTP/1.1" 400 26 "-" "PostmanRuntime/7.29.0"
::1 - - [20/Jun/2022:09:44:06 +0000] "PUT /api/notes/62b0336ab6459d4b29ca79db HTTP/1.1" 400 26 "-" "PostmanRuntime/7.29.0"
::1 - - [20/Jun/2022:09:44:27 +0000] "PUT /api/notes/62b0336ab6459d4b29ca79db HTTP/1.1" 400 26 "-" "PostmanRuntime/7.29.0"
::1 - - [20/Jun/2022:09:45:11 +0000] "GET /api/notes HTTP/1.1" 400 26 "-" "PostmanRuntime/7.29.0"
::1 - - [20/Jun/2022:09:45:34 +0000] "POST /api/auth/login HTTP/1.1" 400 41 "-" "PostmanRuntime/7.29.0"
::1 - - [20/Jun/2022:09:46:04 +0000] "POST /api/auth/login HTTP/1.1" 200 215 "-" "PostmanRuntime/7.29.0"
::1 - - [20/Jun/2022:09:46:43 +0000] "GET /api/not%C3%A9 HTTP/1.1" 404 992 "-" "PostmanRuntime/7.29.0"
::1 - - [20/Jun/2022:09:46:50 +0000] "GET /api/notes HTTP/1.1" 200 230 "-" "PostmanRuntime/7.29.0"
::1 - - [20/Jun/2022:09:47:04 +0000] "GET /api/notes/62b0336ab6459d4b29ca79db HTTP/1.1" 200 187 "-" "PostmanRuntime/7.29.0"
::1 - - [20/Jun/2022:09:47:45 +0000] "PUT /api/notes/62b0336ab6459d4b29ca79db HTTP/1.1" 500 144 "-" "PostmanRuntime/7.29.0"
::1 - - [20/Jun/2022:09:52:35 +0000] "PUT /api/notes/62b0336ab6459d4b29ca79db HTTP/1.1" 200 21 "-" "PostmanRuntime/7.29.0"
::1 - - [20/Jun/2022:09:52:42 +0000] "GET /api/notes/62b0336ab6459d4b29ca79db HTTP/1.1" 200 186 "-" "PostmanRuntime/7.29.0"
::1 - - [20/Jun/2022:10:01:59 +0000] "PATCH /api/notes/62b0336ab6459d4b29ca79db HTTP/1.1" 200 21 "-" "PostmanRuntime/7.29.0"
::1 - - [20/Jun/2022:10:02:06 +0000] "GET /api/notes/62b0336ab6459d4b29ca79db HTTP/1.1" 200 185 "-" "PostmanRuntime/7.29.0"
::1 - - [20/Jun/2022:10:02:12 +0000] "PATCH /api/notes/62b0336ab6459d4b29ca79db HTTP/1.1" 200 21 "-" "PostmanRuntime/7.29.0"
::1 - - [20/Jun/2022:10:02:20 +0000] "GET /api/notes/62b0336ab6459d4b29ca79db HTTP/1.1" 200 186 "-" "PostmanRuntime/7.29.0"
::1 - - [20/Jun/2022:10:02:38 +0000] "DELETE /api/notes/62b0336ab6459d4b29ca79db HTTP/1.1" 200 21 "-" "PostmanRuntime/7.29.0"
::1 - - [20/Jun/2022:10:02:50 +0000] "GET /api/notes/62b0336ab6459d4b29ca79db HTTP/1.1" 400 40 "-" "PostmanRuntime/7.29.0"
::1 - - [20/Jun/2022:10:03:01 +0000] "PUT /api/notes/62b0336ab6459d4b29ca79db HTTP/1.1" 400 24 "-" "PostmanRuntime/7.29.0"
::1 - - [20/Jun/2022:10:03:08 +0000] "PATCH /api/notes/62b0336ab6459d4b29ca79db HTTP/1.1" 400 40 "-" "PostmanRuntime/7.29.0"
